  editor.cpp
  main.cpp
  scene_hirarchy.cpp
  stats_panel.cpp
  Code wird generiert...
engine.lib(gmem.obj) : warning LNK4099: PDB "eglib.pdb" wurde nicht mit "engine.lib(gmem.obj)" oder an "D:\Dev\Calmar\bin\Debug-windows-x86_64\editor\eglib.pdb" gefunden; Objekt wird verknüpft, als ob keine Debuginformationen vorhanden wären.
engine.lib(gmisc-win32.obj) : warning LNK4099: PDB "eglib.pdb" wurde nicht mit "engine.lib(gmisc-win32.obj)" oder an "D:\Dev\Calmar\bin\Debug-windows-x86_64\editor\eglib.pdb" gefunden; Objekt wird verknüpft, als ob keine Debuginformationen vorhanden wären.
engine.lib(gstr.obj) : warning LNK4099: PDB "eglib.pdb" wurde nicht mit "engine.lib(gstr.obj)" oder an "D:\Dev\Calmar\bin\Debug-windows-x86_64\editor\eglib.pdb" gefunden; Objekt wird verknüpft, als ob keine Debuginformationen vorhanden wären.
engine.lib(gslist.obj) : warning LNK4099: PDB "eglib.pdb" wurde nicht mit "engine.lib(gslist.obj)" oder an "D:\Dev\Calmar\bin\Debug-windows-x86_64\editor\eglib.pdb" gefunden; Objekt wird verknüpft, als ob keine Debuginformationen vorhanden wären.
engine.lib(glist.obj) : warning LNK4099: PDB "eglib.pdb" wurde nicht mit "engine.lib(glist.obj)" oder an "D:\Dev\Calmar\bin\Debug-windows-x86_64\editor\eglib.pdb" gefunden; Objekt wird verknüpft, als ob keine Debuginformationen vorhanden wären.
engine.lib(ghashtable.obj) : warning LNK4099: PDB "eglib.pdb" wurde nicht mit "engine.lib(ghashtable.obj)" oder an "D:\Dev\Calmar\bin\Debug-windows-x86_64\editor\eglib.pdb" gefunden; Objekt wird verknüpft, als ob keine Debuginformationen vorhanden wären.
engine.lib(goutput.obj) : warning LNK4099: PDB "eglib.pdb" wurde nicht mit "engine.lib(goutput.obj)" oder an "D:\Dev\Calmar\bin\Debug-windows-x86_64\editor\eglib.pdb" gefunden; Objekt wird verknüpft, als ob keine Debuginformationen vorhanden wären.
engine.lib(giconv.obj) : warning LNK4099: PDB "eglib.pdb" wurde nicht mit "engine.lib(giconv.obj)" oder an "D:\Dev\Calmar\bin\Debug-windows-x86_64\editor\eglib.pdb" gefunden; Objekt wird verknüpft, als ob keine Debuginformationen vorhanden wären.
engine.lib(gpath.obj) : warning LNK4099: PDB "eglib.pdb" wurde nicht mit "engine.lib(gpath.obj)" oder an "D:\Dev\Calmar\bin\Debug-windows-x86_64\editor\eglib.pdb" gefunden; Objekt wird verknüpft, als ob keine Debuginformationen vorhanden wären.
engine.lib(gerror.obj) : warning LNK4099: PDB "eglib.pdb" wurde nicht mit "engine.lib(gerror.obj)" oder an "D:\Dev\Calmar\bin\Debug-windows-x86_64\editor\eglib.pdb" gefunden; Objekt wird verknüpft, als ob keine Debuginformationen vorhanden wären.
engine.lib(gstring.obj) : warning LNK4099: PDB "eglib.pdb" wurde nicht mit "engine.lib(gstring.obj)" oder an "D:\Dev\Calmar\bin\Debug-windows-x86_64\editor\eglib.pdb" gefunden; Objekt wird verknüpft, als ob keine Debuginformationen vorhanden wären.
engine.lib(gutf8.obj) : warning LNK4099: PDB "eglib.pdb" wurde nicht mit "engine.lib(gutf8.obj)" oder an "D:\Dev\Calmar\bin\Debug-windows-x86_64\editor\eglib.pdb" gefunden; Objekt wird verknüpft, als ob keine Debuginformationen vorhanden wären.
engine.lib(gfile-posix.obj) : warning LNK4099: PDB "eglib.pdb" wurde nicht mit "engine.lib(gfile-posix.obj)" oder an "D:\Dev\Calmar\bin\Debug-windows-x86_64\editor\eglib.pdb" gefunden; Objekt wird verknüpft, als ob keine Debuginformationen vorhanden wären.
engine.lib(gfile-win32.obj) : warning LNK4099: PDB "eglib.pdb" wurde nicht mit "engine.lib(gfile-win32.obj)" oder an "D:\Dev\Calmar\bin\Debug-windows-x86_64\editor\eglib.pdb" gefunden; Objekt wird verknüpft, als ob keine Debuginformationen vorhanden wären.
engine.lib(gdir-win32.obj) : warning LNK4099: PDB "eglib.pdb" wurde nicht mit "engine.lib(gdir-win32.obj)" oder an "D:\Dev\Calmar\bin\Debug-windows-x86_64\editor\eglib.pdb" gefunden; Objekt wird verknüpft, als ob keine Debuginformationen vorhanden wären.
engine.lib(gptrarray.obj) : warning LNK4099: PDB "eglib.pdb" wurde nicht mit "engine.lib(gptrarray.obj)" oder an "D:\Dev\Calmar\bin\Debug-windows-x86_64\editor\eglib.pdb" gefunden; Objekt wird verknüpft, als ob keine Debuginformationen vorhanden wären.
engine.lib(gunicode.obj) : warning LNK4099: PDB "eglib.pdb" wurde nicht mit "engine.lib(gunicode.obj)" oder an "D:\Dev\Calmar\bin\Debug-windows-x86_64\editor\eglib.pdb" gefunden; Objekt wird verknüpft, als ob keine Debuginformationen vorhanden wären.
engine.lib(gmarkup.obj) : warning LNK4099: PDB "eglib.pdb" wurde nicht mit "engine.lib(gmarkup.obj)" oder an "D:\Dev\Calmar\bin\Debug-windows-x86_64\editor\eglib.pdb" gefunden; Objekt wird verknüpft, als ob keine Debuginformationen vorhanden wären.
engine.lib(gmodule-win32.obj) : warning LNK4099: PDB "eglib.pdb" wurde nicht mit "engine.lib(gmodule-win32.obj)" oder an "D:\Dev\Calmar\bin\Debug-windows-x86_64\editor\eglib.pdb" gefunden; Objekt wird verknüpft, als ob keine Debuginformationen vorhanden wären.
engine.lib(gtimer-win32.obj) : warning LNK4099: PDB "eglib.pdb" wurde nicht mit "engine.lib(gtimer-win32.obj)" oder an "D:\Dev\Calmar\bin\Debug-windows-x86_64\editor\eglib.pdb" gefunden; Objekt wird verknüpft, als ob keine Debuginformationen vorhanden wären.
engine.lib(gbytearray.obj) : warning LNK4099: PDB "eglib.pdb" wurde nicht mit "engine.lib(gbytearray.obj)" oder an "D:\Dev\Calmar\bin\Debug-windows-x86_64\editor\eglib.pdb" gefunden; Objekt wird verknüpft, als ob keine Debuginformationen vorhanden wären.
engine.lib(gqueue.obj) : warning LNK4099: PDB "eglib.pdb" wurde nicht mit "engine.lib(gqueue.obj)" oder an "D:\Dev\Calmar\bin\Debug-windows-x86_64\editor\eglib.pdb" gefunden; Objekt wird verknüpft, als ob keine Debuginformationen vorhanden wären.
engine.lib(gfile.obj) : warning LNK4099: PDB "eglib.pdb" wurde nicht mit "engine.lib(gfile.obj)" oder an "D:\Dev\Calmar\bin\Debug-windows-x86_64\editor\eglib.pdb" gefunden; Objekt wird verknüpft, als ob keine Debuginformationen vorhanden wären.
engine.lib(gdate-win32.obj) : warning LNK4099: PDB "eglib.pdb" wurde nicht mit "engine.lib(gdate-win32.obj)" oder an "D:\Dev\Calmar\bin\Debug-windows-x86_64\editor\eglib.pdb" gefunden; Objekt wird verknüpft, als ob keine Debuginformationen vorhanden wären.
engine.lib(garray.obj) : warning LNK4099: PDB "eglib.pdb" wurde nicht mit "engine.lib(garray.obj)" oder an "D:\Dev\Calmar\bin\Debug-windows-x86_64\editor\eglib.pdb" gefunden; Objekt wird verknüpft, als ob keine Debuginformationen vorhanden wären.
engine.lib(gqsort.obj) : warning LNK4099: PDB "eglib.pdb" wurde nicht mit "engine.lib(gqsort.obj)" oder an "D:\Dev\Calmar\bin\Debug-windows-x86_64\editor\eglib.pdb" gefunden; Objekt wird verknüpft, als ob keine Debuginformationen vorhanden wären.
engine.lib(gunicode-win32.obj) : warning LNK4099: PDB "eglib.pdb" wurde nicht mit "engine.lib(gunicode-win32.obj)" oder an "D:\Dev\Calmar\bin\Debug-windows-x86_64\editor\eglib.pdb" gefunden; Objekt wird verknüpft, als ob keine Debuginformationen vorhanden wären.
engine.lib(gshell.obj) : warning LNK4099: PDB "eglib.pdb" wurde nicht mit "engine.lib(gshell.obj)" oder an "D:\Dev\Calmar\bin\Debug-windows-x86_64\editor\eglib.pdb" gefunden; Objekt wird verknüpft, als ob keine Debuginformationen vorhanden wären.
     Bibliothek "..\bin\Debug-windows-x86_64\editor\editor.lib" und Objekt "..\bin\Debug-windows-x86_64\editor\editor.exp" werden erstellt.
LINK : warning LNK4098: Standardbibliothek "LIBCMTD" steht in Konflikt mit anderen Bibliotheken; /NODEFAULTLIB:Bibliothek verwenden.
  editor.vcxproj -> D:\Dev\Calmar\bin\Debug-windows-x86_64\editor\editor.exe
