d:\dev\calmar\bin\release-windows-x86_64\engine\engine.pdb
d:\dev\calmar\obj\release-windows-x86_64\engine\gl_render_buffers.obj
d:\dev\calmar\obj\release-windows-x86_64\engine\gl_frame_buffer.obj
d:\dev\calmar\obj\release-windows-x86_64\engine\window_glfw.obj
d:\dev\calmar\obj\release-windows-x86_64\engine\glfw_input.obj
d:\dev\calmar\obj\release-windows-x86_64\engine\input.obj
d:\dev\calmar\obj\release-windows-x86_64\engine\imgui_unit_build.obj
d:\dev\calmar\obj\release-windows-x86_64\engine\imgui_handler.obj
d:\dev\calmar\obj\release-windows-x86_64\engine\event_dispatcher.obj
d:\dev\calmar\obj\release-windows-x86_64\engine\system_manager.obj
d:\dev\calmar\obj\release-windows-x86_64\engine\scene_serializer.obj
d:\dev\calmar\obj\release-windows-x86_64\engine\scene.obj
d:\dev\calmar\obj\release-windows-x86_64\engine\entitiy_manager.obj
d:\dev\calmar\obj\release-windows-x86_64\engine\ecs.obj
d:\dev\calmar\obj\release-windows-x86_64\engine\component_manager.obj
d:\dev\calmar\obj\release-windows-x86_64\engine\window.obj
d:\dev\calmar\obj\release-windows-x86_64\engine\util.obj
d:\dev\calmar\obj\release-windows-x86_64\engine\random.obj
d:\dev\calmar\obj\release-windows-x86_64\engine\logging.obj
d:\dev\calmar\obj\release-windows-x86_64\engine\asset_pool.obj
d:\dev\calmar\obj\release-windows-x86_64\engine\application.obj
d:\dev\calmar\obj\release-windows-x86_64\engine\scripting_system.obj
d:\dev\calmar\obj\release-windows-x86_64\engine\vertex_array.obj
d:\dev\calmar\obj\release-windows-x86_64\engine\texture.obj
d:\dev\calmar\obj\release-windows-x86_64\engine\shader.obj
d:\dev\calmar\obj\release-windows-x86_64\engine\resource_handler.obj
d:\dev\calmar\obj\release-windows-x86_64\engine\renderer.obj
d:\dev\calmar\obj\release-windows-x86_64\engine\render_data_types.obj
d:\dev\calmar\obj\release-windows-x86_64\engine\render_command.obj
d:\dev\calmar\obj\release-windows-x86_64\engine\render_buffers.obj
d:\dev\calmar\obj\release-windows-x86_64\engine\orbit_camera.obj
d:\dev\calmar\obj\release-windows-x86_64\engine\indexed_atlas_texture.obj
d:\dev\calmar\obj\release-windows-x86_64\engine\framebuffer.obj
d:\dev\calmar\obj\release-windows-x86_64\engine\entity_camera.obj
d:\dev\calmar\obj\release-windows-x86_64\engine\batch_renderer_2d.obj
d:\dev\calmar\obj\release-windows-x86_64\engine\windows_util.obj
d:\dev\calmar\obj\release-windows-x86_64\engine\gl_vertex_array.obj
d:\dev\calmar\obj\release-windows-x86_64\engine\gl_texture.obj
d:\dev\calmar\obj\release-windows-x86_64\engine\gl_shader.obj
d:\dev\calmar\obj\release-windows-x86_64\engine\gl_rendering.obj
d:\dev\calmar\obj\release-windows-x86_64\engine\gl_render_command.obj
d:\dev\calmar\obj\release-windows-x86_64\engine\stb_image.obj
d:\dev\calmar\obj\release-windows-x86_64\engine\imguizmo.obj
d:\dev\calmar\obj\release-windows-x86_64\engine\glad_wgl.obj
d:\dev\calmar\obj\release-windows-x86_64\engine\glad.obj
d:\dev\calmar\bin\release-windows-x86_64\engine\engine.lib
d:\dev\calmar\obj\release-windows-x86_64\engine\engine.tlog\cl.command.1.tlog
d:\dev\calmar\obj\release-windows-x86_64\engine\engine.tlog\cl.read.1.tlog
d:\dev\calmar\obj\release-windows-x86_64\engine\engine.tlog\cl.write.1.tlog
d:\dev\calmar\obj\release-windows-x86_64\engine\engine.tlog\lib-link.read.1.tlog
d:\dev\calmar\obj\release-windows-x86_64\engine\engine.tlog\lib-link.write.1.tlog
d:\dev\calmar\obj\release-windows-x86_64\engine\engine.tlog\lib.command.1.tlog
